[    2376ms] [INFO] %cDownload the React DevTools for a better development experience: https://react.dev/link/react-devtools font-weight:bold @ webpack-internal:///(app-pages-browser)/./node_modules/next/dist/compiled/react-dom/cjs/react-dom-client.development.js:25630
[    3224ms] [ERROR] Failed to load resource: the server responded with a status of 401 (Unauthorized) @ http://localhost:9000/api/auth/me:0
[    6265ms] [ERROR] Failed to load resource: the server responded with a status of 404 () @ https://en.wikipedia.org/api/rest_v1/page/summary/Durian%20(board%20game):0
[    6266ms] [ERROR] Failed to load resource: the server responded with a status of 404 () @ https://en.wikipedia.org/api/rest_v1/page/summary/Detective%20Club%20(board%20game):0
[    6267ms] [ERROR] Failed to load resource: the server responded with a status of 404 () @ https://en.wikipedia.org/api/rest_v1/page/summary/Last%20Will%20(board%20game):0
[    6781ms] [ERROR] Failed to load resource: net::ERR_BLOCKED_BY_RESPONSE.NotSameOrigin @ https://img.boardlife.co.kr/wys2/swf_upload/2022/01/31/1643561558733610_lg_w300.jpg:0
[    6783ms] [ERROR] Failed to load resource: net::ERR_BLOCKED_BY_RESPONSE.NotSameOrigin @ https://img.boardlife.co.kr/wys2/swf_upload/2022/01/20/1642679964183624_lg_w300.jpg:0
[    6783ms] [ERROR] Failed to load resource: net::ERR_BLOCKED_BY_RESPONSE.NotSameOrigin @ https://img.boardlife.co.kr/wys2/swf_upload/2022/01/10/1641796147314874_lg_w300.png:0
[    7555ms] [ERROR] Failed to load resource: the server responded with a status of 404 () @ https://en.wikipedia.org/api/rest_v1/page/summary/Durian%20(card%20game):0
[    7557ms] [ERROR] Failed to load resource: the server responded with a status of 404 () @ https://en.wikipedia.org/api/rest_v1/page/summary/Detective%20Club%20(card%20game):0
[    7568ms] [ERROR] Failed to load resource: the server responded with a status of 404 () @ https://en.wikipedia.org/api/rest_v1/page/summary/Last%20Will%20(card%20game):0
[    7690ms] [ERROR] Failed to load resource: the server responded with a status of 404 () @ https://en.wikipedia.org/api/rest_v1/page/summary/7%20Wonders%20Duel%3A%20Agora%20(board%20game):0
[    7694ms] [ERROR] Failed to load resource: the server responded with a status of 404 () @ https://en.wikipedia.org/api/rest_v1/page/summary/7%20Wonders%20Duel%3A%20Pantheon%20(board%20game):0
[    8465ms] [ERROR] Failed to load resource: the server responded with a status of 404 () @ https://en.wikipedia.org/api/rest_v1/page/summary/Durian%20(game):0
[    8474ms] [ERROR] Failed to load resource: the server responded with a status of 404 () @ https://en.wikipedia.org/api/rest_v1/page/summary/Detective%20Club%20(game):0
[    8486ms] [ERROR] Failed to load resource: the server responded with a status of 404 () @ https://en.wikipedia.org/api/rest_v1/page/summary/Last%20Will%20(game):0
[    8571ms] [ERROR] Failed to load resource: the server responded with a status of 404 () @ https://en.wikipedia.org/api/rest_v1/page/summary/7%20Wonders%20Duel%3A%20Agora%20(card%20game):0
[    8575ms] [ERROR] Failed to load resource: the server responded with a status of 404 () @ https://en.wikipedia.org/api/rest_v1/page/summary/7%20Wonders%20Duel%3A%20Pantheon%20(card%20game):0
[    9643ms] [ERROR] Failed to load resource: the server responded with a status of 404 () @ https://en.wikipedia.org/api/rest_v1/page/summary/7%20Wonders%20Duel%3A%20Agora%20(game):0
[    9648ms] [ERROR] Failed to load resource: the server responded with a status of 404 () @ https://en.wikipedia.org/api/rest_v1/page/summary/7%20Wonders%20Duel%3A%20Pantheon%20(game):0
[    9844ms] [ERROR] Failed to load resource: net::ERR_BLOCKED_BY_RESPONSE.NotSameOrigin @ https://img.boardlife.co.kr/wys2/swf_upload/2022/01/17/1642351487376782_lg_w300.jpg:0
[    9846ms] [ERROR] Failed to load resource: net::ERR_BLOCKED_BY_RESPONSE.NotSameOrigin @ https://img.boardlife.co.kr/data/photo/2024/05/22/1716317107-683325_w300.png:0
[    9856ms] [ERROR] Failed to load resource: net::ERR_BLOCKED_BY_RESPONSE.NotSameOrigin @ https://img.boardlife.co.kr/wys2/swf_upload/2023/07/08/1688808248233678_lg_w300.png:0
[    9857ms] [ERROR] Failed to load resource: net::ERR_BLOCKED_BY_RESPONSE.NotSameOrigin @ https://img.boardlife.co.kr/wys2/swf_upload/2022/02/02/1643746154248788_lg_w300.png:0
[    9858ms] [ERROR] Failed to load resource: net::ERR_BLOCKED_BY_RESPONSE.NotSameOrigin @ https://img.boardlife.co.kr/wys2/swf_upload/2023/07/08/1688808222265518_lg_w300.png:0
[   10053ms] [ERROR] Failed to load resource: the server responded with a status of 404 () @ https://en.wikipedia.org/api/rest_v1/page/summary/7%20Wonders%20Duel%3A%20Agora:0
[   10069ms] [ERROR] Failed to load resource: the server responded with a status of 404 () @ https://en.wikipedia.org/api/rest_v1/page/summary/7%20Wonders%20Duel%3A%20Pantheon:0
[   10107ms] [ERROR] Failed to load resource: the server responded with a status of 404 () @ https://en.wikipedia.org/api/rest_v1/page/summary/Nine%20Tiles%20Panic%20(board%20game):0
[   10118ms] [ERROR] Failed to load resource: the server responded with a status of 404 () @ https://en.wikipedia.org/api/rest_v1/page/summary/Dark%20Horse%20(board%20game):0
[   10129ms] [ERROR] Failed to load resource: the server responded with a status of 404 () @ https://en.wikipedia.org/api/rest_v1/page/summary/Dungeons%20%26%20Dragons%3A%20Rock%20Paper%20Wizard%20(board%20game):0
[   10133ms] [ERROR] Failed to load resource: net::ERR_BLOCKED_BY_RESPONSE.NotSameOrigin @ https://img.boardlife.co.kr/wys2/swf_upload/2022/10/03/1664753408678981_lg_w300.jpg:0
[   10140ms] [ERROR] Failed to load resource: net::ERR_BLOCKED_BY_RESPONSE.NotSameOrigin @ https://img.boardlife.co.kr/wys2/swf_upload/2023/03/21/1679330743015968_lg_w300.jpg:0
[   10349ms] [ERROR] Failed to load resource: the server responded with a status of 404 () @ https://en.wikipedia.org/api/rest_v1/page/summary/Nine%20Tiles%20Panic%20(card%20game):0
[   10356ms] [ERROR] Failed to load resource: the server responded with a status of 404 () @ https://en.wikipedia.org/api/rest_v1/page/summary/Dark%20Horse%20(card%20game):0
[   10371ms] [ERROR] Failed to load resource: the server responded with a status of 404 () @ https://en.wikipedia.org/api/rest_v1/page/summary/Dungeons%20%26%20Dragons%3A%20Rock%20Paper%20Wizard%20(card%20game):0
[   10384ms] [ERROR] Failed to load resource: net::ERR_BLOCKED_BY_RESPONSE.NotSameOrigin @ https://img.boardlife.co.kr/wys2/swf_upload/2022/02/24/1645642525686075_lg_w300.jpg:0
[   10387ms] [ERROR] Failed to load resource: net::ERR_BLOCKED_BY_RESPONSE.NotSameOrigin @ https://img.boardlife.co.kr/data/photo/2024/04/21/1713678035-299279_w300.jpg:0
[   10592ms] [ERROR] Failed to load resource: the server responded with a status of 404 () @ https://en.wikipedia.org/api/rest_v1/page/summary/Nine%20Tiles%20Panic%20(game):0
[   10602ms] [ERROR] Failed to load resource: the server responded with a status of 404 () @ https://en.wikipedia.org/api/rest_v1/page/summary/Dark%20Horse%20(game):0
[   10613ms] [ERROR] Failed to load resource: the server responded with a status of 404 () @ https://en.wikipedia.org/api/rest_v1/page/summary/Dungeons%20%26%20Dragons%3A%20Rock%20Paper%20Wizard%20(game):0
[   10624ms] [ERROR] Failed to load resource: the server responded with a status of 404 () @ https://en.wikipedia.org/api/rest_v1/page/summary/Decrypto%20(board%20game):0
[   10833ms] [ERROR] Failed to load resource: the server responded with a status of 404 () @ https://en.wikipedia.org/api/rest_v1/page/summary/Nine%20Tiles%20Panic:0
[   10854ms] [LOG] [Fast Refresh] done in 1780841527722ms @ webpack-internal:///(app-pages-browser)/./node_modules/next/dist/client/dev/report-hmr-latency.js:13
[   10863ms] [ERROR] Failed to load resource: the server responded with a status of 404 () @ https://en.wikipedia.org/api/rest_v1/page/summary/Dungeons%20%26%20Dragons%3A%20Rock%20Paper%20Wizard:0
[   10864ms] [ERROR] Failed to load resource: the server responded with a status of 404 () @ https://en.wikipedia.org/api/rest_v1/page/summary/Decrypto%20(card%20game):0
[   10884ms] [ERROR] Failed to load resource: net::ERR_BLOCKED_BY_RESPONSE.NotSameOrigin @ https://img.boardlife.co.kr/wys2/swf_upload/2022/01/14/1642089121363109_lg_w300.jpg:0
[   11099ms] [ERROR] Failed to load resource: the server responded with a status of 404 () @ https://en.wikipedia.org/api/rest_v1/page/summary/Decrypto%20(game):0
[   11122ms] [ERROR] Failed to load resource: the server responded with a status of 404 () @ https://en.wikipedia.org/api/rest_v1/page/summary/Las%20Vegas%20Royale%20(board%20game):0
[   11363ms] [ERROR] Failed to load resource: the server responded with a status of 404 () @ https://en.wikipedia.org/api/rest_v1/page/summary/Las%20Vegas%20Royale%20(card%20game):0
[   11603ms] [ERROR] Failed to load resource: the server responded with a status of 404 () @ https://en.wikipedia.org/api/rest_v1/page/summary/Las%20Vegas%20Royale%20(game):0
[   11842ms] [ERROR] Failed to load resource: the server responded with a status of 404 () @ https://en.wikipedia.org/api/rest_v1/page/summary/Las%20Vegas%20Royale:0
