[    2599ms] [INFO] %cDownload the React DevTools for a better development experience: https://react.dev/link/react-devtools font-weight:bold @ webpack-internal:///(app-pages-browser)/./node_modules/next/dist/compiled/react-dom/cjs/react-dom-client.development.js:25630
[    2917ms] [ERROR] Failed to load resource: the server responded with a status of 401 (Unauthorized) @ http://localhost:9000/api/auth/me:0
[    4775ms] [ERROR] Failed to load resource: net::ERR_BLOCKED_BY_RESPONSE.NotSameOrigin @ https://img.boardlife.co.kr/wys2/swf_upload/2022/01/10/1641796147314874_lg_w300.png:0
[    4777ms] [ERROR] Failed to load resource: net::ERR_BLOCKED_BY_RESPONSE.NotSameOrigin @ https://img.boardlife.co.kr/wys2/swf_upload/2022/01/17/1642351487376782_lg_w300.jpg:0
[    4778ms] [ERROR] Failed to load resource: net::ERR_BLOCKED_BY_RESPONSE.NotSameOrigin @ https://img.boardlife.co.kr/wys2/swf_upload/2022/01/20/1642679964183624_lg_w300.jpg:0
[    4785ms] [ERROR] Failed to load resource: net::ERR_BLOCKED_BY_RESPONSE.NotSameOrigin @ https://img.boardlife.co.kr/wys2/swf_upload/2022/01/31/1643561558733610_lg_w300.jpg:0
[    4789ms] [ERROR] Failed to load resource: net::ERR_BLOCKED_BY_RESPONSE.NotSameOrigin @ https://img.boardlife.co.kr/wys2/swf_upload/2022/02/24/1645642525686075_lg_w300.jpg:0
[    4789ms] [ERROR] Failed to load resource: net::ERR_BLOCKED_BY_RESPONSE.NotSameOrigin @ https://img.boardlife.co.kr/data/photo/2024/04/21/1713678035-299279_w300.jpg:0
[    4790ms] [ERROR] Failed to load resource: net::ERR_BLOCKED_BY_RESPONSE.NotSameOrigin @ https://img.boardlife.co.kr/wys2/swf_upload/2023/07/08/1688808248233678_lg_w300.png:0
[    4792ms] [ERROR] Failed to load resource: net::ERR_BLOCKED_BY_RESPONSE.NotSameOrigin @ https://img.boardlife.co.kr/wys2/swf_upload/2022/02/02/1643746154248788_lg_w300.png:0
[    4792ms] [ERROR] Failed to load resource: net::ERR_BLOCKED_BY_RESPONSE.NotSameOrigin @ https://img.boardlife.co.kr/wys2/swf_upload/2023/07/08/1688808222265518_lg_w300.png:0
[    4793ms] [ERROR] Failed to load resource: net::ERR_BLOCKED_BY_RESPONSE.NotSameOrigin @ https://img.boardlife.co.kr/wys2/swf_upload/2022/10/03/1664753408678981_lg_w300.jpg:0
[    4795ms] [ERROR] Failed to load resource: net::ERR_BLOCKED_BY_RESPONSE.NotSameOrigin @ https://img.boardlife.co.kr/data/photo/2024/05/22/1716317107-683325_w300.png:0
[    4795ms] [ERROR] Failed to load resource: net::ERR_BLOCKED_BY_RESPONSE.NotSameOrigin @ https://img.boardlife.co.kr/wys2/swf_upload/2022/01/14/1642089121363109_lg_w300.jpg:0
[    4796ms] [ERROR] Failed to load resource: net::ERR_BLOCKED_BY_RESPONSE.NotSameOrigin @ https://img.boardlife.co.kr/wys2/swf_upload/2023/03/21/1679330743015968_lg_w300.jpg:0
[    5715ms] [ERROR] Failed to load resource: the server responded with a status of 404 () @ https://en.wikipedia.org/api/rest_v1/page/summary/Detective%20Club%20(board%20game):0
[    5821ms] [ERROR] Failed to load resource: the server responded with a status of 404 () @ https://en.wikipedia.org/api/rest_v1/page/summary/Nine%20Tiles%20Panic%20(board%20game):0
[    5827ms] [ERROR] Failed to load resource: the server responded with a status of 404 () @ https://en.wikipedia.org/api/rest_v1/page/summary/7%20Wonders%20Duel%3A%20Pantheon%20(board%20game):0
[    5838ms] [ERROR] Failed to load resource: the server responded with a status of 404 () @ https://en.wikipedia.org/api/rest_v1/page/summary/7%20Wonders%20Duel%3A%20Agora%20(board%20game):0
[    5852ms] [ERROR] Failed to load resource: the server responded with a status of 404 () @ https://en.wikipedia.org/api/rest_v1/page/summary/Decrypto%20(board%20game):0
[    5861ms] [ERROR] Failed to load resource: the server responded with a status of 404 () @ https://en.wikipedia.org/api/rest_v1/page/summary/Dungeons%20%26%20Dragons%3A%20Rock%20Paper%20Wizard%20(board%20game):0
[    5872ms] [ERROR] Failed to load resource: the server responded with a status of 404 () @ https://en.wikipedia.org/api/rest_v1/page/summary/Dark%20Horse%20(board%20game):0
[    5889ms] [ERROR] Failed to load resource: the server responded with a status of 404 () @ https://en.wikipedia.org/api/rest_v1/page/summary/Las%20Vegas%20Royale%20(board%20game):0
[    6229ms] [ERROR] Failed to load resource: the server responded with a status of 404 () @ https://en.wikipedia.org/api/rest_v1/page/summary/Last%20Will%20(board%20game):0
[    6299ms] [ERROR] Failed to load resource: the server responded with a status of 404 () @ https://en.wikipedia.org/api/rest_v1/page/summary/Nine%20Tiles%20Panic%20(card%20game):0
[    6304ms] [ERROR] Failed to load resource: the server responded with a status of 404 () @ https://en.wikipedia.org/api/rest_v1/page/summary/7%20Wonders%20Duel%3A%20Pantheon%20(card%20game):0
[    6314ms] [ERROR] Failed to load resource: the server responded with a status of 404 () @ https://en.wikipedia.org/api/rest_v1/page/summary/7%20Wonders%20Duel%3A%20Agora%20(card%20game):0
[    6326ms] [ERROR] Failed to load resource: the server responded with a status of 404 () @ https://en.wikipedia.org/api/rest_v1/page/summary/Decrypto%20(card%20game):0
[    6344ms] [ERROR] Failed to load resource: the server responded with a status of 404 () @ https://en.wikipedia.org/api/rest_v1/page/summary/Dark%20Horse%20(card%20game):0
[    6359ms] [ERROR] Failed to load resource: the server responded with a status of 404 () @ https://en.wikipedia.org/api/rest_v1/page/summary/Dungeons%20%26%20Dragons%3A%20Rock%20Paper%20Wizard%20(card%20game):0
[    6360ms] [ERROR] Failed to load resource: the server responded with a status of 404 () @ https://en.wikipedia.org/api/rest_v1/page/summary/Las%20Vegas%20Royale%20(card%20game):0
[    6536ms] [ERROR] Failed to load resource: the server responded with a status of 404 () @ https://en.wikipedia.org/api/rest_v1/page/summary/Nine%20Tiles%20Panic%20(game):0
[    6550ms] [ERROR] Failed to load resource: the server responded with a status of 404 () @ https://en.wikipedia.org/api/rest_v1/page/summary/7%20Wonders%20Duel%3A%20Agora%20(game):0
[    6560ms] [ERROR] Failed to load resource: the server responded with a status of 404 () @ https://en.wikipedia.org/api/rest_v1/page/summary/7%20Wonders%20Duel%3A%20Pantheon%20(game):0
[    6572ms] [ERROR] Failed to load resource: the server responded with a status of 404 () @ https://en.wikipedia.org/api/rest_v1/page/summary/Decrypto%20(game):0
[    6586ms] [ERROR] Failed to load resource: the server responded with a status of 404 () @ https://en.wikipedia.org/api/rest_v1/page/summary/Dark%20Horse%20(game):0
[    6606ms] [ERROR] Failed to load resource: the server responded with a status of 404 () @ https://en.wikipedia.org/api/rest_v1/page/summary/Las%20Vegas%20Royale%20(game):0
[    6616ms] [ERROR] Failed to load resource: the server responded with a status of 404 () @ https://en.wikipedia.org/api/rest_v1/page/summary/Dungeons%20%26%20Dragons%3A%20Rock%20Paper%20Wizard%20(game):0
[    6776ms] [ERROR] Failed to load resource: the server responded with a status of 404 () @ https://en.wikipedia.org/api/rest_v1/page/summary/Nine%20Tiles%20Panic:0
[    6798ms] [ERROR] Failed to load resource: the server responded with a status of 404 () @ https://en.wikipedia.org/api/rest_v1/page/summary/7%20Wonders%20Duel%3A%20Agora:0
[    6804ms] [ERROR] Failed to load resource: the server responded with a status of 404 () @ https://en.wikipedia.org/api/rest_v1/page/summary/7%20Wonders%20Duel%3A%20Pantheon:0
[    6832ms] [ERROR] Failed to load resource: the server responded with a status of 404 () @ https://en.wikipedia.org/api/rest_v1/page/summary/Durian%20(board%20game):0
[    6846ms] [ERROR] Failed to load resource: the server responded with a status of 404 () @ https://en.wikipedia.org/api/rest_v1/page/summary/Las%20Vegas%20Royale:0
[    6861ms] [ERROR] Failed to load resource: the server responded with a status of 404 () @ https://en.wikipedia.org/api/rest_v1/page/summary/Dungeons%20%26%20Dragons%3A%20Rock%20Paper%20Wizard:0
[    6947ms] [ERROR] Failed to load resource: the server responded with a status of 404 () @ https://en.wikipedia.org/api/rest_v1/page/summary/Last%20Will%20(card%20game):0
[    7967ms] [ERROR] Failed to load resource: the server responded with a status of 404 () @ https://en.wikipedia.org/api/rest_v1/page/summary/Durian%20(card%20game):0
[    7969ms] [ERROR] Failed to load resource: the server responded with a status of 404 () @ https://en.wikipedia.org/api/rest_v1/page/summary/Detective%20Club%20(card%20game):0
[    8262ms] [ERROR] Failed to load resource: the server responded with a status of 404 () @ https://en.wikipedia.org/api/rest_v1/page/summary/Last%20Will%20(game):0
[    8855ms] [ERROR] Failed to load resource: the server responded with a status of 404 () @ https://en.wikipedia.org/api/rest_v1/page/summary/Durian%20(game):0
[    9069ms] [ERROR] Failed to load resource: the server responded with a status of 404 () @ https://en.wikipedia.org/api/rest_v1/page/summary/Detective%20Club%20(game):0
[   80715ms] [LOG] [Fast Refresh] rebuilding @ webpack-internal:///(app-pages-browser)/./node_modules/next/dist/client/dev/hot-reloader/app/hot-reloader-app.js:196
[   81134ms] [LOG] [Fast Refresh] done in 420ms @ webpack-internal:///(app-pages-browser)/./node_modules/next/dist/client/dev/report-hmr-latency.js:13
[   81186ms] [ERROR] Failed to load resource: net::ERR_BLOCKED_BY_RESPONSE.NotSameOrigin @ https://img.boardlife.co.kr/wys2/swf_upload/2022/01/20/1642679964183624_lg_w300.jpg:0
[   81188ms] [ERROR] Failed to load resource: net::ERR_BLOCKED_BY_RESPONSE.NotSameOrigin @ https://img.boardlife.co.kr/wys2/swf_upload/2022/01/31/1643561558733610_lg_w300.jpg:0
[   81189ms] [ERROR] Failed to load resource: net::ERR_BLOCKED_BY_RESPONSE.NotSameOrigin @ https://img.boardlife.co.kr/wys2/swf_upload/2022/01/10/1641796147314874_lg_w300.png:0
[   81196ms] [ERROR] Failed to load resource: net::ERR_BLOCKED_BY_RESPONSE.NotSameOrigin @ https://img.boardlife.co.kr/wys2/swf_upload/2023/07/08/1688808222265518_lg_w300.png:0
[   81197ms] [ERROR] Failed to load resource: net::ERR_BLOCKED_BY_RESPONSE.NotSameOrigin @ https://img.boardlife.co.kr/wys2/swf_upload/2023/07/08/1688808248233678_lg_w300.png:0
[   81198ms] [ERROR] Failed to load resource: net::ERR_BLOCKED_BY_RESPONSE.NotSameOrigin @ https://img.boardlife.co.kr/wys2/swf_upload/2022/01/17/1642351487376782_lg_w300.jpg:0
[   81199ms] [ERROR] Failed to load resource: net::ERR_BLOCKED_BY_RESPONSE.NotSameOrigin @ https://img.boardlife.co.kr/data/photo/2024/05/22/1716317107-683325_w300.png:0
[   81200ms] [ERROR] Failed to load resource: net::ERR_BLOCKED_BY_RESPONSE.NotSameOrigin @ https://img.boardlife.co.kr/wys2/swf_upload/2022/02/02/1643746154248788_lg_w300.png:0
[   81201ms] [ERROR] Failed to load resource: net::ERR_BLOCKED_BY_RESPONSE.NotSameOrigin @ https://img.boardlife.co.kr/wys2/swf_upload/2022/10/03/1664753408678981_lg_w300.jpg:0
[   81203ms] [ERROR] Failed to load resource: net::ERR_BLOCKED_BY_RESPONSE.NotSameOrigin @ https://img.boardlife.co.kr/wys2/swf_upload/2022/02/24/1645642525686075_lg_w300.jpg:0
[   81205ms] [ERROR] Failed to load resource: net::ERR_BLOCKED_BY_RESPONSE.NotSameOrigin @ https://img.boardlife.co.kr/wys2/swf_upload/2023/03/21/1679330743015968_lg_w300.jpg:0
[   81206ms] [ERROR] Failed to load resource: net::ERR_BLOCKED_BY_RESPONSE.NotSameOrigin @ https://img.boardlife.co.kr/data/photo/2024/04/21/1713678035-299279_w300.jpg:0
[   81207ms] [ERROR] Failed to load resource: net::ERR_BLOCKED_BY_RESPONSE.NotSameOrigin @ https://img.boardlife.co.kr/wys2/swf_upload/2022/01/14/1642089121363109_lg_w300.jpg:0
[  104756ms] [LOG] [Fast Refresh] rebuilding @ webpack-internal:///(app-pages-browser)/./node_modules/next/dist/client/dev/hot-reloader/app/hot-reloader-app.js:196
[  105096ms] [LOG] [Fast Refresh] done in 340ms @ webpack-internal:///(app-pages-browser)/./node_modules/next/dist/client/dev/report-hmr-latency.js:13
[  119429ms] [LOG] [Fast Refresh] rebuilding @ webpack-internal:///(app-pages-browser)/./node_modules/next/dist/client/dev/hot-reloader/app/hot-reloader-app.js:196
[  119744ms] [LOG] [Fast Refresh] done in 316ms @ webpack-internal:///(app-pages-browser)/./node_modules/next/dist/client/dev/report-hmr-latency.js:13
[  136069ms] [LOG] [Fast Refresh] rebuilding @ webpack-internal:///(app-pages-browser)/./node_modules/next/dist/client/dev/hot-reloader/app/hot-reloader-app.js:196
[  136413ms] [LOG] [Fast Refresh] done in 345ms @ webpack-internal:///(app-pages-browser)/./node_modules/next/dist/client/dev/report-hmr-latency.js:13
